2023-03-02 19:37:11 +0000  Initial pipeline context: <IDEDistributionProcessingPipelineContext: 0x7fb0228ded40; archive(resolved)="<IDEArchive: 0x600010255140>", distributionTask(resolved)="2", distributionDestination(resolved)="1", distributionMethod(resolved)="<IDEDistributionMethodiOSAppStoreDistribution: 0x6000425ca690>", team(resolved)="<IDEProvisioningDisambiguatableBasicTeam: 0x60000fca7240; teamID='K96R5P425B', teamName='Vanessa Mendoza', teamType='Individual', username='freetradetime@gmail.com', isFreeProvisioningTeam='0'>">
	Chain (16, self inclusive):
	<IDEDistributionProcessingPipelineContext: 0x7fb0228ded40; archive = "<IDEArchive: 0x600010255140>", distributionMethod="<IDEDistributionMethodiOSAppStoreDistribution: 0x6000425ca690>", team="<IDEProvisioningDisambiguatableBasicTeam: 0x60000fca7240; teamID='K96R5P425B', teamName='Vanessa Mendoza', teamType='Individual', username='freetradetime@gmail.com', isFreeProvisioningTeam='0'>">
	<IDEDistributionProcessingPipelineContext: 0x7fb0228dd050; archive = "<IDEArchive: 0x600010255140>", distributionMethod="<IDEDistributionMethodiOSAppStoreDistribution: 0x6000425ca690>", team="<IDEProvisioningDisambiguatableBasicTeam: 0x60000fca7240; teamID='K96R5P425B', teamName='Vanessa Mendoza', teamType='Individual', username='freetradetime@gmail.com', isFreeProvisioningTeam='0'>">
	<IDEDistributionContext: 0x7faec6b0c560; archive = "<IDEArchive: 0x600010255140>", distributionMethod="<IDEDistributionMethodiOSAppStoreDistribution: 0x6000425ca690>", team="<IDEProvisioningDisambiguatableBasicTeam: 0x60000fca7240; teamID='K96R5P425B', teamName='Vanessa Mendoza', teamType='Individual', username='freetradetime@gmail.com', isFreeProvisioningTeam='0'>">
	<IDEDistributionContext: 0x7faec5932dd0; archive = "<IDEArchive: 0x600010255140>", distributionMethod="<IDEDistributionMethodiOSAppStoreDistribution: 0x6000425ca690>", team="<IDEProvisioningDisambiguatableBasicTeam: 0x60000fca7240; teamID='K96R5P425B', teamName='Vanessa Mendoza', teamType='Individual', username='freetradetime@gmail.com', isFreeProvisioningTeam='0'>">
	<IDEDistributionContext: 0x7fb0228dc2a0; archive = "<IDEArchive: 0x600010255140>", distributionMethod="<IDEDistributionMethodiOSAppStoreDistribution: 0x6000425ca690>", team="<IDEProvisioningDisambiguatableBasicTeam: 0x60000fca7240; teamID='K96R5P425B', teamName='Vanessa Mendoza', teamType='Individual', username='freetradetime@gmail.com', isFreeProvisioningTeam='0'>">
	<IDEDistributionContext: 0x7faec6027fa0; archive = "<IDEArchive: 0x600010255140>", distributionMethod="<IDEDistributionMethodiOSAppStoreDistribution: 0x6000425ca690>", team="<IDEProvisioningDisambiguatableBasicTeam: 0x60000fca7240; teamID='K96R5P425B', teamName='Vanessa Mendoza', teamType='Individual', username='freetradetime@gmail.com', isFreeProvisioningTeam='0'>">
	<IDEDistributionContext: 0x7faec6b08220; archive = "<IDEArchive: 0x600010255140>", distributionMethod="<IDEDistributionMethodiOSAppStoreDistribution: 0x6000425ca690>", team="<IDEProvisioningDisambiguatableBasicTeam: 0x60000fca7240; teamID='K96R5P425B', teamName='Vanessa Mendoza', teamType='Individual', username='freetradetime@gmail.com', isFreeProvisioningTeam='0'>">
	<IDEDistributionContext: 0x7faec6033860; archive = "<IDEArchive: 0x600010255140>", distributionMethod="<IDEDistributionMethodiOSAppStoreDistribution: 0x6000425ca690>", team="<IDEProvisioningDisambiguatableBasicTeam: 0x60000fca7240; teamID='K96R5P425B', teamName='Vanessa Mendoza', teamType='Individual', username='freetradetime@gmail.com', isFreeProvisioningTeam='0'>">
	<IDEDistributionContext: 0x7fb022696430; archive = "<IDEArchive: 0x600010255140>", distributionMethod="<IDEDistributionMethodiOSAppStoreDistribution: 0x6000425ca690>", team="<IDEProvisioningDisambiguatableBasicTeam: 0x60000fca7240; teamID='K96R5P425B', teamName='Vanessa Mendoza', teamType='Individual', username='freetradetime@gmail.com', isFreeProvisioningTeam='0'>">
	<IDEDistributionContext: 0x7faec6b12090; archive = "<IDEArchive: 0x600010255140>", distributionMethod="<IDEDistributionMethodiOSAppStoreDistribution: 0x6000425ca690>", team="<IDEProvisioningDisambiguatableBasicTeam: 0x60000fca7240; teamID='K96R5P425B', teamName='Vanessa Mendoza', teamType='Individual', username='freetradetime@gmail.com', isFreeProvisioningTeam='0'>">
	<IDEDistributionContext: 0x7faec6008fb0; archive = "<IDEArchive: 0x600010255140>", distributionMethod="<IDEDistributionMethodiOSAppStoreDistribution: 0x6000425ca690>", team="<IDEProvisioningDisambiguatableBasicTeam: 0x60000fca7240; teamID='K96R5P425B', teamName='Vanessa Mendoza', teamType='Individual', username='freetradetime@gmail.com', isFreeProvisioningTeam='0'>">
	<IDEDistributionContext: 0x7faec6016510; archive = "<IDEArchive: 0x600010255140>", distributionMethod="<IDEDistributionMethodiOSAppStoreDistribution: 0x6000425ca690>", team="<IDEProvisioningDisambiguatableBasicTeam: 0x60000fca7240; teamID='K96R5P425B', teamName='Vanessa Mendoza', teamType='Individual', username='freetradetime@gmail.com', isFreeProvisioningTeam='0'>">
	<IDEDistributionContext: 0x7faec6b0f240; archive = "<IDEArchive: 0x600010255140>", distributionMethod="<IDEDistributionMethodiOSAppStoreDistribution: 0x6000425ca690>", team="<IDEProvisioningDisambiguatableBasicTeam: 0x60000fca7240; teamID='K96R5P425B', teamName='Vanessa Mendoza', teamType='Individual', username='freetradetime@gmail.com', isFreeProvisioningTeam='0'>">
	<IDEDistributionContext: 0x7fb006f1ed40; archive = "<IDEArchive: 0x600010255140>", distributionMethod="<IDEDistributionMethodiOSAppStoreDistribution: 0x6000425ca690>", team="(null)">
	<IDEDistributionContext: 0x7fb0228d6f30; archive = "<IDEArchive: 0x600010255140>", distributionMethod="<IDEDistributionMethodiOSAppStoreDistribution: 0x6000425ca690>", team="(null)">
	<IDEDistributionContext: 0x7faec601bbd0; archive = "<IDEArchive: 0x600010255140>", distributionMethod="(null)", team="(null)">
</IDEDistributionProcessingPipelineContext: 0x7fb0228ded40>
2023-03-02 19:37:11 +0000  Processing step: IDEDistributionCreateDestRootStep
2023-03-02 19:37:11 +0000  Processing step: IDEDistributionCopyItemStep
2023-03-02 19:37:11 +0000  Running /usr/bin/ditto '-V' '/Users/umer/Library/Developer/Xcode/Archives/2023-03-03/FreeTrade 03-03-2023, 12.28 AM.xcarchive/Products/Applications/FreeTrade.app' '/var/folders/d1/nrxdd62x5q9_vnr29lhgl7z40000gn/T/XcodeDistPipeline.~~~MgYg25/Root/Payload/FreeTrade.app'
2023-03-02 19:37:11 +0000  >>> Copying /Users/umer/Library/Developer/Xcode/Archives/2023-03-03/FreeTrade 03-03-2023, 12.28 AM.xcarchive/Products/Applications/FreeTrade.app 
2023-03-02 19:37:11 +0000  copying file ./_CodeSignature/CodeResources ... 
2023-03-02 19:37:11 +0000  22594 bytes for ./_CodeSignature/CodeResources
2023-03-02 19:37:11 +0000  copying file ./Fontisto.ttf ... 
2023-03-02 19:37:11 +0000  313528 bytes for ./Fontisto.ttf
2023-03-02 19:37:11 +0000  copying file ./Octicons.ttf ... 
2023-03-02 19:37:11 +0000  49404 bytes for ./Octicons.ttf
copying file ./Feather.ttf ... 
2023-03-02 19:37:11 +0000  56228 bytes for ./Feather.ttf
2023-03-02 19:37:11 +0000  copying file ./Entypo.ttf ... 
2023-03-02 19:37:11 +0000  66200 bytes for ./Entypo.ttf
copying file ./FontAwesome5_Brands.ttf ... 
2023-03-02 19:37:11 +0000  134040 bytes for ./FontAwesome5_Brands.ttf
copying file ./MaterialCommunityIcons.ttf ... 
2023-03-02 19:37:11 +0000  1147844 bytes for ./MaterialCommunityIcons.ttf
2023-03-02 19:37:11 +0000  copying file ./AppIcon60x60@2x.png ... 
2023-03-02 19:37:11 +0000  9532 bytes for ./AppIcon60x60@2x.png
2023-03-02 19:37:11 +0000  copying file ./AntDesign.ttf ... 
2023-03-02 19:37:11 +0000  70344 bytes for ./AntDesign.ttf
2023-03-02 19:37:11 +0000  copying file ./Foundation.ttf ... 
2023-03-02 19:37:11 +0000  56976 bytes for ./Foundation.ttf
2023-03-02 19:37:11 +0000  copying file ./Ionicons.ttf ... 
2023-03-02 19:37:11 +0000  247192 bytes for ./Ionicons.ttf
2023-03-02 19:37:11 +0000  copying file ./FontAwesome5_Solid.ttf ... 
2023-03-02 19:37:11 +0000  202744 bytes for ./FontAwesome5_Solid.ttf
copying file ./FontAwesome5_Regular.ttf ... 
2023-03-02 19:37:11 +0000  33736 bytes for ./FontAwesome5_Regular.ttf
2023-03-02 19:37:11 +0000  copying file ./AccessibilityResources.bundle/en.lproj/Localizable.strings ... 
2023-03-02 19:37:11 +0000  518 bytes for ./AccessibilityResources.bundle/en.lproj/Localizable.strings
2023-03-02 19:37:11 +0000  copying file ./AccessibilityResources.bundle/Info.plist ... 
2023-03-02 19:37:11 +0000  790 bytes for ./AccessibilityResources.bundle/Info.plist
2023-03-02 19:37:11 +0000  copying file ./FontAwesome.ttf ... 
2023-03-02 19:37:11 +0000  165548 bytes for ./FontAwesome.ttf
2023-03-02 19:37:11 +0000  copying file ./Zocial.ttf ... 
2023-03-02 19:37:11 +0000  25788 bytes for ./Zocial.ttf
2023-03-02 19:37:11 +0000  copying file ./Assets.car ... 
2023-03-02 19:37:11 +0000  147560 bytes for ./Assets.car
copying file ./EvilIcons.ttf ... 
2023-03-02 19:37:11 +0000  13456 bytes for ./EvilIcons.ttf
copying file ./AppIcon76x76@2x~ipad.png ... 
2023-03-02 19:37:11 +0000  12760 bytes for ./AppIcon76x76@2x~ipad.png
copying file ./main.jsbundle ... 
2023-03-02 19:37:11 +0000  1994896 bytes for ./main.jsbundle
2023-03-02 19:37:11 +0000  copying file ./LaunchScreen.storyboardc/01J-lp-oVM-view-Ze5-6b-2t3.nib ... 
2023-03-02 19:37:11 +0000  3861 bytes for ./LaunchScreen.storyboardc/01J-lp-oVM-view-Ze5-6b-2t3.nib
copying file ./LaunchScreen.storyboardc/UIViewController-01J-lp-oVM.nib ... 
2023-03-02 19:37:11 +0000  896 bytes for ./LaunchScreen.storyboardc/UIViewController-01J-lp-oVM.nib
copying file ./LaunchScreen.storyboardc/Info.plist ... 
2023-03-02 19:37:11 +0000  258 bytes for ./LaunchScreen.storyboardc/Info.plist
2023-03-02 19:37:11 +0000  copying file ./Frameworks/hermes.framework/_CodeSignature/CodeResources ... 
2023-03-02 19:37:11 +0000  1798 bytes for ./Frameworks/hermes.framework/_CodeSignature/CodeResources
2023-03-02 19:37:11 +0000  copying file ./Frameworks/hermes.framework/hermes ... 
2023-03-02 19:37:11 +0000  503305712 bytes for ./Frameworks/hermes.framework/hermes
copying file ./Frameworks/hermes.framework/Info.plist ... 
2023-03-02 19:37:11 +0000  815 bytes for ./Frameworks/hermes.framework/Info.plist
copying file ./SimpleLineIcons.ttf ... 
54056 bytes for ./SimpleLineIcons.ttf
copying file ./FreeTrade ... 
3478784 bytes for ./FreeTrade
copying file ./Fonts/Fontisto.ttf ... 
313528 bytes for ./Fonts/Fontisto.ttf
copying file ./Fonts/Octicons.ttf ... 
49404 bytes for ./Fonts/Octicons.ttf
copying file ./Fonts/Feather.ttf ... 
56228 bytes for ./Fonts/Feather.ttf
copying file ./Fonts/Entypo.ttf ... 
2023-03-02 19:37:11 +0000  66200 bytes for ./Fonts/Entypo.ttf
2023-03-02 19:37:11 +0000  copying file ./Fonts/FontAwesome5_Brands.ttf ... 
2023-03-02 19:37:11 +0000  134040 bytes for ./Fonts/FontAwesome5_Brands.ttf
copying file ./Fonts/MaterialCommunityIcons.ttf ... 
2023-03-02 19:37:11 +0000  1147844 bytes for ./Fonts/MaterialCommunityIcons.ttf
2023-03-02 19:37:11 +0000  copying file ./Fonts/AntDesign.ttf ... 
2023-03-02 19:37:11 +0000  70344 bytes for ./Fonts/AntDesign.ttf
copying file ./Fonts/Foundation.ttf ... 
2023-03-02 19:37:11 +0000  56976 bytes for ./Fonts/Foundation.ttf
copying file ./Fonts/Ionicons.ttf ... 
2023-03-02 19:37:11 +0000  247192 bytes for ./Fonts/Ionicons.ttf
copying file ./Fonts/FontAwesome5_Solid.ttf ... 
2023-03-02 19:37:11 +0000  202744 bytes for ./Fonts/FontAwesome5_Solid.ttf
copying file ./Fonts/FontAwesome5_Regular.ttf ... 
2023-03-02 19:37:11 +0000  33736 bytes for ./Fonts/FontAwesome5_Regular.ttf
copying file ./Fonts/FontAwesome.ttf ... 
2023-03-02 19:37:11 +0000  165548 bytes for ./Fonts/FontAwesome.ttf
copying file ./Fonts/Zocial.ttf ... 
2023-03-02 19:37:11 +0000  25788 bytes for ./Fonts/Zocial.ttf
2023-03-02 19:37:11 +0000  copying file ./Fonts/EvilIcons.ttf ... 
2023-03-02 19:37:11 +0000  13456 bytes for ./Fonts/EvilIcons.ttf
copying file ./Fonts/SimpleLineIcons.ttf ... 
2023-03-02 19:37:11 +0000  54056 bytes for ./Fonts/SimpleLineIcons.ttf
copying file ./Fonts/MaterialIcons.ttf ... 
2023-03-02 19:37:11 +0000  230384 bytes for ./Fonts/MaterialIcons.ttf
2023-03-02 19:37:11 +0000  copying file ./embedded.mobileprovision ... 
2023-03-02 19:37:11 +0000  12112 bytes for ./embedded.mobileprovision
copying file ./assets/node_modules/@react-navigation/elements/src/assets/back-icon@3x.png ... 
2023-03-02 19:37:11 +0000  761 bytes for ./assets/node_modules/@react-navigation/elements/src/assets/back-icon@3x.png
copying file ./assets/node_modules/@react-navigation/elements/src/assets/back-icon@2x.png ... 
2023-03-02 19:37:11 +0000  405 bytes for ./assets/node_modules/@react-navigation/elements/src/assets/back-icon@2x.png
copying file ./assets/node_modules/@react-navigation/elements/src/assets/back-icon.png ... 
2023-03-02 19:37:11 +0000  290 bytes for ./assets/node_modules/@react-navigation/elements/src/assets/back-icon.png
2023-03-02 19:37:11 +0000  copying file ./assets/node_modules/@react-navigation/elements/src/assets/back-icon-mask.png ... 
2023-03-02 19:37:11 +0000  913 bytes for ./assets/node_modules/@react-navigation/elements/src/assets/back-icon-mask.png
2023-03-02 19:37:11 +0000  copying file ./assets/node_modules/react-native-dropdown-picker/src/themes/light/icons/tick.png ... 
2023-03-02 19:37:11 +0000  1214 bytes for ./assets/node_modules/react-native-dropdown-picker/src/themes/light/icons/tick.png
copying file ./assets/node_modules/react-native-dropdown-picker/src/themes/light/icons/arrow-down.png ... 
2023-03-02 19:37:11 +0000  522 bytes for ./assets/node_modules/react-native-dropdown-picker/src/themes/light/icons/arrow-down.png
2023-03-02 19:37:11 +0000  copying file ./assets/node_modules/react-native-dropdown-picker/src/themes/light/icons/arrow-up.png ... 
2023-03-02 19:37:11 +0000  807 bytes for ./assets/node_modules/react-native-dropdown-picker/src/themes/light/icons/arrow-up.png
copying file ./assets/node_modules/react-native-dropdown-picker/src/themes/light/icons/close.png ... 
2023-03-02 19:37:11 +0000  338 bytes for ./assets/node_modules/react-native-dropdown-picker/src/themes/light/icons/close.png
2023-03-02 19:37:11 +0000  copying file ./assets/node_modules/react-native-dropdown-picker/src/themes/dark/icons/tick.png ... 
2023-03-02 19:37:11 +0000  15772 bytes for ./assets/node_modules/react-native-dropdown-picker/src/themes/dark/icons/tick.png
2023-03-02 19:37:11 +0000  copying file ./assets/node_modules/react-native-dropdown-picker/src/themes/dark/icons/arrow-down.png ... 
2023-03-02 19:37:11 +0000  15367 bytes for ./assets/node_modules/react-native-dropdown-picker/src/themes/dark/icons/arrow-down.png
2023-03-02 19:37:11 +0000  copying file ./assets/node_modules/react-native-dropdown-picker/src/themes/dark/icons/arrow-up.png ... 
2023-03-02 19:37:11 +0000  15500 bytes for ./assets/node_modules/react-native-dropdown-picker/src/themes/dark/icons/arrow-up.png
2023-03-02 19:37:11 +0000  copying file ./assets/node_modules/react-native-dropdown-picker/src/themes/dark/icons/close.png ... 
2023-03-02 19:37:11 +0000  15449 bytes for ./assets/node_modules/react-native-dropdown-picker/src/themes/dark/icons/close.png
2023-03-02 19:37:11 +0000  copying file ./assets/assets/plus.png ... 
2023-03-02 19:37:11 +0000  1547 bytes for ./assets/assets/plus.png
2023-03-02 19:37:11 +0000  copying file ./assets/assets/login.png ... 
2023-03-02 19:37:11 +0000  5652247 bytes for ./assets/assets/login.png
copying file ./assets/assets/subs.png ... 
2023-03-02 19:37:11 +0000  5368147 bytes for ./assets/assets/subs.png
copying file ./assets/assets/apple.png ... 
2023-03-02 19:37:11 +0000  2746 bytes for ./assets/assets/apple.png
copying file ./assets/assets/signup.png ... 
2023-03-02 19:37:11 +0000  5549643 bytes for ./assets/assets/signup.png
2023-03-02 19:37:11 +0000  copying file ./assets/assets/bt/dollar.png ... 
1939 bytes for ./assets/assets/bt/dollar.png
copying file ./assets/assets/bt/home.png ... 
1804 bytes for ./assets/assets/bt/home.png
copying file ./assets/assets/bt/repot.png ... 
2023-03-02 19:37:11 +0000  2579 bytes for ./assets/assets/bt/repot.png
2023-03-02 19:37:11 +0000  copying file ./assets/assets/bt/hand.png ... 
2023-03-02 19:37:11 +0000  2347 bytes for ./assets/assets/bt/hand.png
2023-03-02 19:37:11 +0000  copying file ./assets/assets/bt/cam.png ... 
2023-03-02 19:37:11 +0000  2786 bytes for ./assets/assets/bt/cam.png
copying file ./assets/assets/bt/profile.png ... 
2023-03-02 19:37:11 +0000  4535 bytes for ./assets/assets/bt/profile.png
2023-03-02 19:37:11 +0000  copying file ./assets/assets/bganim/splash.gif ... 
2023-03-02 19:37:11 +0000  95208 bytes for ./assets/assets/bganim/splash.gif
2023-03-02 19:37:11 +0000  copying file ./assets/assets/imgg.png ... 
2023-03-02 19:37:11 +0000  9724 bytes for ./assets/assets/imgg.png
copying file ./assets/assets/carimg.png ... 
2023-03-02 19:37:11 +0000  1412 bytes for ./assets/assets/carimg.png
2023-03-02 19:37:11 +0000  copying file ./assets/assets/csq.png ... 
2023-03-02 19:37:11 +0000  951 bytes for ./assets/assets/csq.png
2023-03-02 19:37:11 +0000  copying file ./assets/assets/setting/info.png ... 
2023-03-02 19:37:11 +0000  4243 bytes for ./assets/assets/setting/info.png
2023-03-02 19:37:11 +0000  copying file ./assets/assets/setting/subscribe.png ... 
2023-03-02 19:37:11 +0000  5119 bytes for ./assets/assets/setting/subscribe.png
copying file ./assets/assets/setting/bussiness.png ... 
2023-03-02 19:37:11 +0000  4835 bytes for ./assets/assets/setting/bussiness.png
2023-03-02 19:37:11 +0000  copying file ./assets/assets/setting/term.png ... 
2023-03-02 19:37:11 +0000  5151 bytes for ./assets/assets/setting/term.png
2023-03-02 19:37:11 +0000  copying file ./assets/assets/setting/ssl.png ... 
2023-03-02 19:37:11 +0000  8804 bytes for ./assets/assets/setting/ssl.png
copying file ./assets/assets/setting/pencil.png ... 
2023-03-02 19:37:11 +0000  4952 bytes for ./assets/assets/setting/pencil.png
copying file ./assets/assets/setting/verify.png ... 
2023-03-02 19:37:11 +0000  5846 bytes for ./assets/assets/setting/verify.png
2023-03-02 19:37:11 +0000  copying file ./assets/assets/google.png ... 
2023-03-02 19:37:11 +0000  3016 bytes for ./assets/assets/google.png
2023-03-02 19:37:11 +0000  copying file ./assets/assets/facebook.png ... 
2023-03-02 19:37:11 +0000  972 bytes for ./assets/assets/facebook.png
copying file ./assets/assets/chk.png ... 
2023-03-02 19:37:11 +0000  8090 bytes for ./assets/assets/chk.png
2023-03-02 19:37:11 +0000  copying file ./Info.plist ... 
2023-03-02 19:37:11 +0000  1507 bytes for ./Info.plist
copying file ./PkgInfo ... 
2023-03-02 19:37:11 +0000  8 bytes for ./PkgInfo
2023-03-02 19:37:11 +0000  copying file ./MaterialIcons.ttf ... 
2023-03-02 19:37:11 +0000  230384 bytes for ./MaterialIcons.ttf
2023-03-02 19:37:11 +0000  /usr/bin/ditto exited with 0
2023-03-02 19:37:11 +0000  Processing step: IDEDistributionEmbedProfileStep
2023-03-02 19:37:11 +0000  Skipping profile for item: <IDEDistributionItem: 0x600028c0a520; bundleID='dev.hermesengine.iphoneos', path='<DVTFilePath:0x60001cd31650:'/Users/umer/Library/Developer/Xcode/Archives/2023-03-03/FreeTrade 03-03-2023, 12.28 AM.xcarchive/Products/Applications/FreeTrade.app/Frameworks/hermes.framework'>', codeSigningInfo='<_DVTCodeSigningInformation_Path: 0x60000473fed0; isSigned='1', isAdHocSigned='0', signingCertificate='<DVTSigningCertificate: 0x60000118de40; name='Apple Distribution: Vanessa Mendoza (K96R5P425B)', hash='6EFC2056092F4B36CCF1CA668F2DF2F4552C88BC', serialNumber='5CA5B76E4DDF7D9F17A556610CF40B8D', certificateKinds='(
    "1.2.840.113635.100.6.1.7",
    "1.2.840.113635.100.6.1.4"
), issueDate='2023-03-02 18:38:58 +0000''>', entitlements='(null)', teamID='K96R5P425B', identifier='dev.hermesengine.iphoneos', executablePath='<DVTFilePath:0x6000283b4420:'/Users/umer/Library/Developer/Xcode/Archives/2023-03-03/FreeTrade 03-03-2023, 12.28 AM.xcarchive/Products/Applications/FreeTrade.app/Frameworks/hermes.framework/hermes'>', hardenedRuntime='0'>'>
2023-03-02 19:37:11 +0000  Processing step: IDEDistributionInfoPlistStep
2023-03-02 19:37:11 +0000  Processing step: IDEDistributionItemRemovalStep
2023-03-02 19:37:11 +0000  Processing step: IDEDistributionAppThinningPlistStep
2023-03-02 19:37:11 +0000  Skipping step: IDEDistributionAppThinningPlistStep because it said so
2023-03-02 19:37:11 +0000  Processing step: IDEDistributionCompileBitcodeStep
2023-03-02 19:37:11 +0000  Skipping step: IDEDistributionCompileBitcodeStep because it said so
2023-03-02 19:37:11 +0000  Processing step: IDEDistributionCodeSlimmingStep
2023-03-02 19:37:12 +0000  Running /Applications/Xcode.app/Contents/Developer/Toolchains/XcodeDefault.xctoolchain/usr/bin/bitcode_strip '/var/folders/d1/nrxdd62x5q9_vnr29lhgl7z40000gn/T/XcodeDistPipeline.~~~MgYg25/Root/Payload/FreeTrade.app/Frameworks/hermes.framework/hermes' '-r' '-keep_cs' '-o' '/var/folders/d1/nrxdd62x5q9_vnr29lhgl7z40000gn/T/XcodeDistPipeline.~~~MgYg25/Root/Payload/FreeTrade.app/Frameworks/hermes.framework/hermes'
2023-03-02 19:37:12 +0000  /Applications/Xcode.app/Contents/Developer/Toolchains/XcodeDefault.xctoolchain/usr/bin/bitcode_strip exited with 0
2023-03-02 19:37:13 +0000  Processing step: IDEDistributionCopyBCSymbolMapsStep
2023-03-02 19:37:13 +0000  Processing step: IDEDistributionSymbolsStep
2023-03-02 19:37:14 +0000  Processing symbols for hermes.framework
2023-03-02 19:37:14 +0000  Running /usr/bin/rsync '-8aPhhE' '/var/folders/d1/nrxdd62x5q9_vnr29lhgl7z40000gn/T/XcodeDistPipeline.~~~MgYg25/Root/Payload/FreeTrade.app/Frameworks/hermes.framework' '--link-dest' '/var/folders/d1/nrxdd62x5q9_vnr29lhgl7z40000gn/T/XcodeDistPipeline.~~~MgYg25/Root/Payload/FreeTrade.app/Frameworks' '/var/folders/d1/nrxdd62x5q9_vnr29lhgl7z40000gn/T/XcodeDistPipeline.~~~MgYg25'
2023-03-02 19:37:14 +0000  building file list ... 
2023-03-02 19:37:14 +0000   0 files...2023-03-02 19:37:14 +0000  5 files to consider
2023-03-02 19:37:14 +0000  hermes.framework/
2023-03-02 19:37:14 +0000  /usr/bin/rsync exited with 0
2023-03-02 19:37:14 +0000  Running /usr/bin/rsync '-8aPhhE' '/Users/umer/Library/Developer/Xcode/Archives/2023-03-03/FreeTrade 03-03-2023, 12.28 AM.xcarchive/dSYMs/' '--link-dest' '/Users/umer/Library/Developer/Xcode/Archives/2023-03-03/FreeTrade 03-03-2023, 12.28 AM.xcarchive/dSYMs/' '/var/folders/d1/nrxdd62x5q9_vnr29lhgl7z40000gn/T/XcodeDistPipeline.~~~MgYg25'
2023-03-02 19:37:14 +0000  building file list ... 
2023-03-02 19:37:14 +0000   0 files...2023-03-02 19:37:14 +0000  7 files to consider
2023-03-02 19:37:14 +0000  ./
2023-03-02 19:37:14 +0000  FreeTrade.app.dSYM/
FreeTrade.app.dSYM/Contents/
FreeTrade.app.dSYM/Contents/Resources/
2023-03-02 19:37:14 +0000  FreeTrade.app.dSYM/Contents/Resources/DWARF/
2023-03-02 19:37:14 +0000  
sent 241 bytes  received 50 bytes  582.00 bytes/sec
total size is 36.56M  speedup is 131727.54
2023-03-02 19:37:14 +0000  /usr/bin/rsync exited with 0
2023-03-02 19:37:14 +0000  Writing /var/folders/d1/nrxdd62x5q9_vnr29lhgl7z40000gn/T/XcodeDistPipeline.~~~MgYg25/Symbols/E69BB4BE-21F6-33A1-A0E0-896E32671B81.symbols
2023-03-02 19:37:14 +0000  Processing symbols for FreeTrade.app
2023-03-02 19:37:14 +0000  Running /usr/bin/rsync '-8aPhhE' '/var/folders/d1/nrxdd62x5q9_vnr29lhgl7z40000gn/T/XcodeDistPipeline.~~~MgYg25/Root/Payload/FreeTrade.app' '--link-dest' '/var/folders/d1/nrxdd62x5q9_vnr29lhgl7z40000gn/T/XcodeDistPipeline.~~~MgYg25/Root/Payload' '/var/folders/d1/nrxdd62x5q9_vnr29lhgl7z40000gn/T/XcodeDistPipeline.~~~MgYg25'
2023-03-02 19:37:14 +0000  building file list ... 
 0 files...2023-03-02 19:37:14 +0000   100 files...2023-03-02 19:37:14 +0000  112 files to consider
2023-03-02 19:37:14 +0000  FreeTrade.app/
2023-03-02 19:37:14 +0000  FreeTrade.app/AccessibilityResources.bundle/
FreeTrade.app/AccessibilityResources.bundle/en.lproj/
FreeTrade.app/Fonts/
2023-03-02 19:37:14 +0000  FreeTrade.app/Frameworks/
FreeTrade.app/Frameworks/hermes.framework/
FreeTrade.app/Frameworks/hermes.framework/_CodeSignature/
FreeTrade.app/LaunchScreen.storyboardc/
FreeTrade.app/_CodeSignature/
FreeTrade.app/assets/
FreeTrade.app/assets/assets/
FreeTrade.app/assets/assets/bganim/
FreeTrade.app/assets/assets/bt/
FreeTrade.app/assets/assets/setting/
FreeTrade.app/assets/node_modules/
FreeTrade.app/assets/node_modules/@react-navigation/
FreeTrade.app/assets/node_modules/@react-navigation/elements/
FreeTrade.app/assets/node_modules/@react-navigation/elements/src/
FreeTrade.app/assets/node_modules/@react-navigation/elements/src/assets/
FreeTrade.app/assets/node_modules/react-native-dropdown-picker/
FreeTrade.app/assets/node_modules/react-native-dropdown-picker/src/
FreeTrade.app/assets/node_modules/react-native-dropdown-picker/src/themes/
FreeTrade.app/assets/node_modules/react-native-dropdown-picker/src/themes/dark/
FreeTrade.app/assets/node_modules/react-native-dropdown-picker/src/themes/dark/icons/
FreeTrade.app/assets/node_modules/react-native-dropdown-picker/src/themes/light/
FreeTrade.app/assets/node_modules/react-native-dropdown-picker/src/themes/light/icons/
2023-03-02 19:37:14 +0000  /usr/bin/rsync exited with 0
2023-03-02 19:37:14 +0000  
sent 2.83K bytes  received 176 bytes  6.01K bytes/sec
total size is 33.66M  speedup is 11472.83
2023-03-02 19:37:14 +0000  Running /usr/bin/rsync '-8aPhhE' '/Users/umer/Library/Developer/Xcode/Archives/2023-03-03/FreeTrade 03-03-2023, 12.28 AM.xcarchive/dSYMs/' '--link-dest' '/Users/umer/Library/Developer/Xcode/Archives/2023-03-03/FreeTrade 03-03-2023, 12.28 AM.xcarchive/dSYMs/' '/var/folders/d1/nrxdd62x5q9_vnr29lhgl7z40000gn/T/XcodeDistPipeline.~~~MgYg25'
2023-03-02 19:37:14 +0000  building file list ... 
2023-03-02 19:37:14 +0000   0 files...2023-03-02 19:37:14 +0000  7 files to consider
2023-03-02 19:37:14 +0000  ./
2023-03-02 19:37:14 +0000  FreeTrade.app.dSYM/
FreeTrade.app.dSYM/Contents/
FreeTrade.app.dSYM/Contents/Resources/
FreeTrade.app.dSYM/Contents/Resources/DWARF/
2023-03-02 19:37:14 +0000  /usr/bin/rsync exited with 0
2023-03-02 19:37:14 +0000  
sent 253 bytes  received 62 bytes  630.00 bytes/sec
total size is 36.56M  speedup is 121691.15
2023-03-02 19:37:14 +0000  Writing /var/folders/d1/nrxdd62x5q9_vnr29lhgl7z40000gn/T/XcodeDistPipeline.~~~MgYg25/Symbols/2649DBBE-5BDE-39AB-B98D-8DFC828A34C2.symbols
2023-03-02 19:37:14 +0000  Processing step: IDEDistributionCopyAppleProvidedContentStep
2023-03-02 19:37:14 +0000  Processing step: IDEDistributionAppThinningStep
2023-03-02 19:37:14 +0000  Skipping step: IDEDistributionAppThinningStep because it said so
2023-03-02 19:37:14 +0000  Processing step: IDEDistributionArchThinningStep
2023-03-02 19:37:14 +0000  Running /Applications/Xcode.app/Contents/Developer/Toolchains/XcodeDefault.xctoolchain/usr/bin/lipo '/var/folders/d1/nrxdd62x5q9_vnr29lhgl7z40000gn/T/XcodeDistPipeline.~~~MgYg25/Root/Payload/FreeTrade.app/Frameworks/hermes.framework/hermes' '-verify_arch' 'arm64e'
2023-03-02 19:37:14 +0000  /Applications/Xcode.app/Contents/Developer/Toolchains/XcodeDefault.xctoolchain/usr/bin/lipo exited with 1
2023-03-02 19:37:14 +0000  Skipping architecture thinning for item "hermes" because arch "arm64e" wasn't found
2023-03-02 19:37:14 +0000  Running /Applications/Xcode.app/Contents/Developer/Toolchains/XcodeDefault.xctoolchain/usr/bin/lipo '/var/folders/d1/nrxdd62x5q9_vnr29lhgl7z40000gn/T/XcodeDistPipeline.~~~MgYg25/Root/Payload/FreeTrade.app/FreeTrade' '-verify_arch' 'arm64e'
2023-03-02 19:37:14 +0000  /Applications/Xcode.app/Contents/Developer/Toolchains/XcodeDefault.xctoolchain/usr/bin/lipo exited with 1
2023-03-02 19:37:14 +0000  Skipping architecture thinning for item "FreeTrade" because arch "arm64e" wasn't found
2023-03-02 19:37:14 +0000  Processing step: IDEDistributionODRStep
2023-03-02 19:37:14 +0000  Processing step: IDEDistributionStripXattrsStep
2023-03-02 19:37:14 +0000  Skipping stripping extended attributes of item: <IDEDistributionItem: 0x600028c0a520; bundleID='dev.hermesengine.iphoneos', path='<DVTFilePath:0x60001cd31650:'/Users/umer/Library/Developer/Xcode/Archives/2023-03-03/FreeTrade 03-03-2023, 12.28 AM.xcarchive/Products/Applications/FreeTrade.app/Frameworks/hermes.framework'>', codeSigningInfo='<_DVTCodeSigningInformation_Path: 0x60000473fed0; isSigned='1', isAdHocSigned='0', signingCertificate='<DVTSigningCertificate: 0x600001214000; name='Apple Distribution: Vanessa Mendoza (K96R5P425B)', hash='6EFC2056092F4B36CCF1CA668F2DF2F4552C88BC', serialNumber='5CA5B76E4DDF7D9F17A556610CF40B8D', certificateKinds='(
    "1.2.840.113635.100.6.1.7",
    "1.2.840.113635.100.6.1.4"
), issueDate='2023-03-02 18:38:58 +0000''>', entitlements='(null)', teamID='K96R5P425B', identifier='dev.hermesengine.iphoneos', executablePath='<DVTFilePath:0x6000283b4420:'/Users/umer/Library/Developer/Xcode/Archives/2023-03-03/FreeTrade 03-03-2023, 12.28 AM.xcarchive/Products/Applications/FreeTrade.app/Frameworks/hermes.framework/hermes'>', hardenedRuntime='0'>'>
2023-03-02 19:37:14 +0000  Running /usr/bin/xattr '-crs' '/var/folders/d1/nrxdd62x5q9_vnr29lhgl7z40000gn/T/XcodeDistPipeline.~~~MgYg25/Root/Payload/FreeTrade.app'
2023-03-02 19:37:14 +0000  /usr/bin/xattr exited with 0
2023-03-02 19:37:14 +0000  Processing step: IDEDistributionCodesignStep
2023-03-02 19:37:14 +0000  Entitlements for <IDEDistributionItem: 0x600028c0a520; bundleID='dev.hermesengine.iphoneos', path='<DVTFilePath:0x60001cd31650:'/Users/umer/Library/Developer/Xcode/Archives/2023-03-03/FreeTrade 03-03-2023, 12.28 AM.xcarchive/Products/Applications/FreeTrade.app/Frameworks/hermes.framework'>', codeSigningInfo='<_DVTCodeSigningInformation_Path: 0x60000473fed0; isSigned='1', isAdHocSigned='0', signingCertificate='<DVTSigningCertificate: 0x60000121a520; name='Apple Distribution: Vanessa Mendoza (K96R5P425B)', hash='6EFC2056092F4B36CCF1CA668F2DF2F4552C88BC', serialNumber='5CA5B76E4DDF7D9F17A556610CF40B8D', certificateKinds='(
    "1.2.840.113635.100.6.1.7",
    "1.2.840.113635.100.6.1.4"
), issueDate='2023-03-02 18:38:58 +0000''>', entitlements='(null)', teamID='K96R5P425B', identifier='dev.hermesengine.iphoneos', executablePath='<DVTFilePath:0x6000283b4420:'/Users/umer/Library/Developer/Xcode/Archives/2023-03-03/FreeTrade 03-03-2023, 12.28 AM.xcarchive/Products/Applications/FreeTrade.app/Frameworks/hermes.framework/hermes'>', hardenedRuntime='0'>'>: {
}
2023-03-02 19:37:14 +0000  Entitlements for <IDEDistributionItem: 0x600028c0a520; bundleID='dev.hermesengine.iphoneos', path='<DVTFilePath:0x60001cd31650:'/Users/umer/Library/Developer/Xcode/Archives/2023-03-03/FreeTrade 03-03-2023, 12.28 AM.xcarchive/Products/Applications/FreeTrade.app/Frameworks/hermes.framework'>', codeSigningInfo='<_DVTCodeSigningInformation_Path: 0x60000473fed0; isSigned='1', isAdHocSigned='0', signingCertificate='<DVTSigningCertificate: 0x60000122f230; name='Apple Distribution: Vanessa Mendoza (K96R5P425B)', hash='6EFC2056092F4B36CCF1CA668F2DF2F4552C88BC', serialNumber='5CA5B76E4DDF7D9F17A556610CF40B8D', certificateKinds='(
    "1.2.840.113635.100.6.1.7",
    "1.2.840.113635.100.6.1.4"
), issueDate='2023-03-02 18:38:58 +0000''>', entitlements='(null)', teamID='K96R5P425B', identifier='dev.hermesengine.iphoneos', executablePath='<DVTFilePath:0x6000283b4420:'/Users/umer/Library/Developer/Xcode/Archives/2023-03-03/FreeTrade 03-03-2023, 12.28 AM.xcarchive/Products/Applications/FreeTrade.app/Frameworks/hermes.framework/hermes'>', hardenedRuntime='0'>'> are: {
}
2023-03-02 19:37:14 +0000  Writing entitlements for <IDEDistributionItem: 0x600028c0a520; bundleID='dev.hermesengine.iphoneos', path='<DVTFilePath:0x60001cd31650:'/Users/umer/Library/Developer/Xcode/Archives/2023-03-03/FreeTrade 03-03-2023, 12.28 AM.xcarchive/Products/Applications/FreeTrade.app/Frameworks/hermes.framework'>', codeSigningInfo='<_DVTCodeSigningInformation_Path: 0x60000473fed0; isSigned='1', isAdHocSigned='0', signingCertificate='<DVTSigningCertificate: 0x60000122dce0; name='Apple Distribution: Vanessa Mendoza (K96R5P425B)', hash='6EFC2056092F4B36CCF1CA668F2DF2F4552C88BC', serialNumber='5CA5B76E4DDF7D9F17A556610CF40B8D', certificateKinds='(
    "1.2.840.113635.100.6.1.7",
    "1.2.840.113635.100.6.1.4"
), issueDate='2023-03-02 18:38:58 +0000''>', entitlements='(null)', teamID='K96R5P425B', identifier='dev.hermesengine.iphoneos', executablePath='<DVTFilePath:0x6000283b4420:'/Users/umer/Library/Developer/Xcode/Archives/2023-03-03/FreeTrade 03-03-2023, 12.28 AM.xcarchive/Products/Applications/FreeTrade.app/Frameworks/hermes.framework/hermes'>', hardenedRuntime='0'>'> to: /var/folders/d1/nrxdd62x5q9_vnr29lhgl7z40000gn/T/XcodeDistPipeline.~~~MgYg25/entitlements~~~W8BX3U
2023-03-02 19:37:14 +0000  Running /usr/bin/codesign '-vvv' '--force' '--sign' '6EFC2056092F4B36CCF1CA668F2DF2F4552C88BC' '--entitlements' '/var/folders/d1/nrxdd62x5q9_vnr29lhgl7z40000gn/T/XcodeDistPipeline.~~~MgYg25/entitlements~~~W8BX3U' '--generate-entitlement-der' '--preserve-metadata=identifier,flags,runtime' '/var/folders/d1/nrxdd62x5q9_vnr29lhgl7z40000gn/T/XcodeDistPipeline.~~~MgYg25/Root/Payload/FreeTrade.app/Frameworks/hermes.framework'
2023-03-02 19:37:15 +0000  /var/folders/d1/nrxdd62x5q9_vnr29lhgl7z40000gn/T/XcodeDistPipeline.~~~MgYg25/Root/Payload/FreeTrade.app/Frameworks/hermes.framework: replacing existing signature
2023-03-02 19:37:20 +0000  /var/folders/d1/nrxdd62x5q9_vnr29lhgl7z40000gn/T/XcodeDistPipeline.~~~MgYg25/Root/Payload/FreeTrade.app/Frameworks/hermes.framework: signed bundle with Mach-O thin (arm64) [dev.hermesengine.iphoneos]
2023-03-02 19:37:20 +0000  /usr/bin/codesign exited with 0
2023-03-02 19:37:20 +0000  Entitlements for <IDEDistributionItem: 0x600028c16820; bundleID='org.reactjs.native.example.FreeTrade', path='<DVTFilePath:0x60001cdc6450:'/Users/umer/Library/Developer/Xcode/Archives/2023-03-03/FreeTrade 03-03-2023, 12.28 AM.xcarchive/Products/Applications/FreeTrade.app'>', codeSigningInfo='<_DVTCodeSigningInformation_Path: 0x6000040003c0; isSigned='1', isAdHocSigned='0', signingCertificate='<DVTSigningCertificate: 0x600001214000; name='Apple Distribution: Vanessa Mendoza (K96R5P425B)', hash='6EFC2056092F4B36CCF1CA668F2DF2F4552C88BC', serialNumber='5CA5B76E4DDF7D9F17A556610CF40B8D', certificateKinds='(
    "1.2.840.113635.100.6.1.7",
    "1.2.840.113635.100.6.1.4"
), issueDate='2023-03-02 18:38:58 +0000''>', entitlements='{
    "application-identifier" = "K96R5P425B.org.reactjs.native.example.FreeTrade";
    "beta-reports-active" = 1;
    "com.apple.developer.team-identifier" = K96R5P425B;
    "get-task-allow" = 0;
}', teamID='K96R5P425B', identifier='org.reactjs.native.example.FreeTrade', executablePath='<DVTFilePath:0x60001cd36df0:'/Users/umer/Library/Developer/Xcode/Archives/2023-03-03/FreeTrade 03-03-2023, 12.28 AM.xcarchive/Products/Applications/FreeTrade.app/FreeTrade'>', hardenedRuntime='0'>'>: {
    "application-identifier" = "K96R5P425B.org.reactjs.native.example.FreeTrade";
    "beta-reports-active" = 1;
    "com.apple.developer.team-identifier" = K96R5P425B;
    "get-task-allow" = 0;
}
2023-03-02 19:37:20 +0000  Entitlements for <IDEDistributionItem: 0x600028c16820; bundleID='org.reactjs.native.example.FreeTrade', path='<DVTFilePath:0x60001cdc6450:'/Users/umer/Library/Developer/Xcode/Archives/2023-03-03/FreeTrade 03-03-2023, 12.28 AM.xcarchive/Products/Applications/FreeTrade.app'>', codeSigningInfo='<_DVTCodeSigningInformation_Path: 0x6000040003c0; isSigned='1', isAdHocSigned='0', signingCertificate='<DVTSigningCertificate: 0x60000124d6b0; name='Apple Distribution: Vanessa Mendoza (K96R5P425B)', hash='6EFC2056092F4B36CCF1CA668F2DF2F4552C88BC', serialNumber='5CA5B76E4DDF7D9F17A556610CF40B8D', certificateKinds='(
    "1.2.840.113635.100.6.1.7",
    "1.2.840.113635.100.6.1.4"
), issueDate='2023-03-02 18:38:58 +0000''>', entitlements='{
    "application-identifier" = "K96R5P425B.org.reactjs.native.example.FreeTrade";
    "beta-reports-active" = 1;
    "com.apple.developer.team-identifier" = K96R5P425B;
    "get-task-allow" = 0;
}', teamID='K96R5P425B', identifier='org.reactjs.native.example.FreeTrade', executablePath='<DVTFilePath:0x60001cd36df0:'/Users/umer/Library/Developer/Xcode/Archives/2023-03-03/FreeTrade 03-03-2023, 12.28 AM.xcarchive/Products/Applications/FreeTrade.app/FreeTrade'>', hardenedRuntime='0'>'> are: {
    "application-identifier" = "K96R5P425B.org.reactjs.native.example.FreeTrade";
    "beta-reports-active" = 1;
    "com.apple.developer.team-identifier" = K96R5P425B;
    "get-task-allow" = 0;
}
2023-03-02 19:37:20 +0000  Writing entitlements for <IDEDistributionItem: 0x600028c16820; bundleID='org.reactjs.native.example.FreeTrade', path='<DVTFilePath:0x60001cdc6450:'/Users/umer/Library/Developer/Xcode/Archives/2023-03-03/FreeTrade 03-03-2023, 12.28 AM.xcarchive/Products/Applications/FreeTrade.app'>', codeSigningInfo='<_DVTCodeSigningInformation_Path: 0x6000040003c0; isSigned='1', isAdHocSigned='0', signingCertificate='<DVTSigningCertificate: 0x600001219e40; name='Apple Distribution: Vanessa Mendoza (K96R5P425B)', hash='6EFC2056092F4B36CCF1CA668F2DF2F4552C88BC', serialNumber='5CA5B76E4DDF7D9F17A556610CF40B8D', certificateKinds='(
    "1.2.840.113635.100.6.1.7",
    "1.2.840.113635.100.6.1.4"
), issueDate='2023-03-02 18:38:58 +0000''>', entitlements='{
    "application-identifier" = "K96R5P425B.org.reactjs.native.example.FreeTrade";
    "beta-reports-active" = 1;
    "com.apple.developer.team-identifier" = K96R5P425B;
    "get-task-allow" = 0;
}', teamID='K96R5P425B', identifier='org.reactjs.native.example.FreeTrade', executablePath='<DVTFilePath:0x60001cd36df0:'/Users/umer/Library/Developer/Xcode/Archives/2023-03-03/FreeTrade 03-03-2023, 12.28 AM.xcarchive/Products/Applications/FreeTrade.app/FreeTrade'>', hardenedRuntime='0'>'> to: /var/folders/d1/nrxdd62x5q9_vnr29lhgl7z40000gn/T/XcodeDistPipeline.~~~MgYg25/entitlements~~~5Of0xH
2023-03-02 19:37:20 +0000  Running /usr/bin/codesign '-vvv' '--force' '--sign' '6EFC2056092F4B36CCF1CA668F2DF2F4552C88BC' '--entitlements' '/var/folders/d1/nrxdd62x5q9_vnr29lhgl7z40000gn/T/XcodeDistPipeline.~~~MgYg25/entitlements~~~5Of0xH' '--generate-entitlement-der' '--preserve-metadata=identifier,flags,runtime' '/var/folders/d1/nrxdd62x5q9_vnr29lhgl7z40000gn/T/XcodeDistPipeline.~~~MgYg25/Root/Payload/FreeTrade.app'
2023-03-02 19:37:20 +0000  /var/folders/d1/nrxdd62x5q9_vnr29lhgl7z40000gn/T/XcodeDistPipeline.~~~MgYg25/Root/Payload/FreeTrade.app: replacing existing signature
2023-03-02 19:37:20 +0000  /var/folders/d1/nrxdd62x5q9_vnr29lhgl7z40000gn/T/XcodeDistPipeline.~~~MgYg25/Root/Payload/FreeTrade.app: signed app bundle with Mach-O thin (arm64) [org.reactjs.native.example.FreeTrade]
2023-03-02 19:37:20 +0000  /usr/bin/codesign exited with 0
2023-03-02 19:37:20 +0000  Processing step: IDEDistributionZipODRItemStep
2023-03-02 19:37:20 +0000  Skipping step: IDEDistributionZipODRItemStep because it said so
2023-03-02 19:37:20 +0000  Skipping step: IDEDistributionZipODRItemStep because it said so
2023-03-02 19:37:20 +0000  Processing step: IDEDistributionCreateIPAStep
2023-03-02 19:37:20 +0000  Running /usr/bin/rsync '-8aPhhE' '/var/folders/d1/nrxdd62x5q9_vnr29lhgl7z40000gn/T/XcodeDistPipeline.~~~MgYg25/Symbols' '--link-dest' '/var/folders/d1/nrxdd62x5q9_vnr29lhgl7z40000gn/T/XcodeDistPipeline.~~~MgYg25' '/var/folders/d1/nrxdd62x5q9_vnr29lhgl7z40000gn/T/XcodeDistPipeline.~~~MgYg25/Root'
2023-03-02 19:37:20 +0000  building file list ... 
2023-03-02 19:37:20 +0000   0 files...2023-03-02 19:37:20 +0000  3 files to consider
2023-03-02 19:37:20 +0000  Symbols/
2023-03-02 19:37:20 +0000  
2023-03-02 19:37:20 +0000  sent 193 bytes  received 26 bytes  438.00 bytes/sec
total size is 11.00M  speedup is 52655.38
2023-03-02 19:37:20 +0000  /usr/bin/rsync exited with 0
2023-03-02 19:37:20 +0000  Running /usr/bin/ditto '-V' '-c' '-k' '--norsrc' '/var/folders/d1/nrxdd62x5q9_vnr29lhgl7z40000gn/T/XcodeDistPipeline.~~~MgYg25/Root' '/var/folders/d1/nrxdd62x5q9_vnr29lhgl7z40000gn/T/XcodeDistPipeline.~~~MgYg25/Packages/FreeTrade.ipa'
2023-03-02 19:37:20 +0000  >>> Copying /var/folders/d1/nrxdd62x5q9_vnr29lhgl7z40000gn/T/XcodeDistPipeline.~~~MgYg25/Root 
2023-03-02 19:37:20 +0000  copying file ./Payload/FreeTrade.app/_CodeSignature/CodeResources ... 
2023-03-02 19:37:20 +0000  22594 bytes for ./Payload/FreeTrade.app/_CodeSignature/CodeResources
2023-03-02 19:37:20 +0000  copying file ./Payload/FreeTrade.app/Fontisto.ttf ... 
2023-03-02 19:37:20 +0000  313528 bytes for ./Payload/FreeTrade.app/Fontisto.ttf
copying file ./Payload/FreeTrade.app/Octicons.ttf ... 
2023-03-02 19:37:20 +0000  49404 bytes for ./Payload/FreeTrade.app/Octicons.ttf
2023-03-02 19:37:20 +0000  copying file ./Payload/FreeTrade.app/Feather.ttf ... 
2023-03-02 19:37:20 +0000  56228 bytes for ./Payload/FreeTrade.app/Feather.ttf
2023-03-02 19:37:20 +0000  copying file ./Payload/FreeTrade.app/Entypo.ttf ... 
2023-03-02 19:37:20 +0000  66200 bytes for ./Payload/FreeTrade.app/Entypo.ttf
2023-03-02 19:37:20 +0000  copying file ./Payload/FreeTrade.app/FontAwesome5_Brands.ttf ... 
2023-03-02 19:37:20 +0000  134040 bytes for ./Payload/FreeTrade.app/FontAwesome5_Brands.ttf
2023-03-02 19:37:20 +0000  copying file ./Payload/FreeTrade.app/MaterialCommunityIcons.ttf ... 
2023-03-02 19:37:20 +0000  1147844 bytes for ./Payload/FreeTrade.app/MaterialCommunityIcons.ttf
copying file ./Payload/FreeTrade.app/AppIcon60x60@2x.png ... 
2023-03-02 19:37:20 +0000  9532 bytes for ./Payload/FreeTrade.app/AppIcon60x60@2x.png
copying file ./Payload/FreeTrade.app/AntDesign.ttf ... 
2023-03-02 19:37:20 +0000  70344 bytes for ./Payload/FreeTrade.app/AntDesign.ttf
2023-03-02 19:37:20 +0000  copying file ./Payload/FreeTrade.app/Foundation.ttf ... 
2023-03-02 19:37:20 +0000  56976 bytes for ./Payload/FreeTrade.app/Foundation.ttf
2023-03-02 19:37:20 +0000  copying file ./Payload/FreeTrade.app/Ionicons.ttf ... 
2023-03-02 19:37:20 +0000  247192 bytes for ./Payload/FreeTrade.app/Ionicons.ttf
2023-03-02 19:37:20 +0000  copying file ./Payload/FreeTrade.app/FontAwesome5_Solid.ttf ... 
2023-03-02 19:37:20 +0000  202744 bytes for ./Payload/FreeTrade.app/FontAwesome5_Solid.ttf
2023-03-02 19:37:20 +0000  copying file ./Payload/FreeTrade.app/FontAwesome5_Regular.ttf ... 
2023-03-02 19:37:20 +0000  33736 bytes for ./Payload/FreeTrade.app/FontAwesome5_Regular.ttf
2023-03-02 19:37:20 +0000  copying file ./Payload/FreeTrade.app/AccessibilityResources.bundle/en.lproj/Localizable.strings ... 
2023-03-02 19:37:20 +0000  518 bytes for ./Payload/FreeTrade.app/AccessibilityResources.bundle/en.lproj/Localizable.strings
copying file ./Payload/FreeTrade.app/AccessibilityResources.bundle/Info.plist ... 
2023-03-02 19:37:20 +0000  790 bytes for ./Payload/FreeTrade.app/AccessibilityResources.bundle/Info.plist
copying file ./Payload/FreeTrade.app/FontAwesome.ttf ... 
2023-03-02 19:37:20 +0000  165548 bytes for ./Payload/FreeTrade.app/FontAwesome.ttf
2023-03-02 19:37:20 +0000  copying file ./Payload/FreeTrade.app/Zocial.ttf ... 
2023-03-02 19:37:20 +0000  25788 bytes for ./Payload/FreeTrade.app/Zocial.ttf
2023-03-02 19:37:20 +0000  copying file ./Payload/FreeTrade.app/Assets.car ... 
2023-03-02 19:37:20 +0000  147560 bytes for ./Payload/FreeTrade.app/Assets.car
2023-03-02 19:37:20 +0000  copying file ./Payload/FreeTrade.app/EvilIcons.ttf ... 
2023-03-02 19:37:20 +0000  13456 bytes for ./Payload/FreeTrade.app/EvilIcons.ttf
2023-03-02 19:37:20 +0000  copying file ./Payload/FreeTrade.app/AppIcon76x76@2x~ipad.png ... 
2023-03-02 19:37:20 +0000  12760 bytes for ./Payload/FreeTrade.app/AppIcon76x76@2x~ipad.png
copying file ./Payload/FreeTrade.app/main.jsbundle ... 
2023-03-02 19:37:20 +0000  1994896 bytes for ./Payload/FreeTrade.app/main.jsbundle
2023-03-02 19:37:20 +0000  copying file ./Payload/FreeTrade.app/LaunchScreen.storyboardc/01J-lp-oVM-view-Ze5-6b-2t3.nib ... 
3861 bytes for ./Payload/FreeTrade.app/LaunchScreen.storyboardc/01J-lp-oVM-view-Ze5-6b-2t3.nib
copying file ./Payload/FreeTrade.app/LaunchScreen.storyboardc/UIViewController-01J-lp-oVM.nib ... 
896 bytes for ./Payload/FreeTrade.app/LaunchScreen.storyboardc/UIViewController-01J-lp-oVM.nib
copying file ./Payload/FreeTrade.app/LaunchScreen.storyboardc/Info.plist ... 
258 bytes for ./Payload/FreeTrade.app/LaunchScreen.storyboardc/Info.plist
copying file ./Payload/FreeTrade.app/Frameworks/hermes.framework/_CodeSignature/CodeResources ... 
1798 bytes for ./Payload/FreeTrade.app/Frameworks/hermes.framework/_CodeSignature/CodeResources
copying file ./Payload/FreeTrade.app/Frameworks/hermes.framework/hermes ... 
2023-03-02 19:37:20 +0000  3174000 bytes for ./Payload/FreeTrade.app/Frameworks/hermes.framework/hermes
2023-03-02 19:37:20 +0000  copying file ./Payload/FreeTrade.app/Frameworks/hermes.framework/Info.plist ... 
868 bytes for ./Payload/FreeTrade.app/Frameworks/hermes.framework/Info.plist
copying file ./Payload/FreeTrade.app/SimpleLineIcons.ttf ... 
2023-03-02 19:37:20 +0000  54056 bytes for ./Payload/FreeTrade.app/SimpleLineIcons.ttf
2023-03-02 19:37:20 +0000  copying file ./Payload/FreeTrade.app/FreeTrade ... 
2023-03-02 19:37:21 +0000  3478784 bytes for ./Payload/FreeTrade.app/FreeTrade
2023-03-02 19:37:21 +0000  copying file ./Payload/FreeTrade.app/Fonts/Fontisto.ttf ... 
2023-03-02 19:37:21 +0000  313528 bytes for ./Payload/FreeTrade.app/Fonts/Fontisto.ttf
2023-03-02 19:37:21 +0000  copying file ./Payload/FreeTrade.app/Fonts/Octicons.ttf ... 
2023-03-02 19:37:21 +0000  49404 bytes for ./Payload/FreeTrade.app/Fonts/Octicons.ttf
2023-03-02 19:37:21 +0000  copying file ./Payload/FreeTrade.app/Fonts/Feather.ttf ... 
2023-03-02 19:37:21 +0000  56228 bytes for ./Payload/FreeTrade.app/Fonts/Feather.ttf
2023-03-02 19:37:21 +0000  copying file ./Payload/FreeTrade.app/Fonts/Entypo.ttf ... 
2023-03-02 19:37:21 +0000  66200 bytes for ./Payload/FreeTrade.app/Fonts/Entypo.ttf
2023-03-02 19:37:21 +0000  copying file ./Payload/FreeTrade.app/Fonts/FontAwesome5_Brands.ttf ... 
2023-03-02 19:37:21 +0000  134040 bytes for ./Payload/FreeTrade.app/Fonts/FontAwesome5_Brands.ttf
2023-03-02 19:37:21 +0000  copying file ./Payload/FreeTrade.app/Fonts/MaterialCommunityIcons.ttf ... 
2023-03-02 19:37:21 +0000  1147844 bytes for ./Payload/FreeTrade.app/Fonts/MaterialCommunityIcons.ttf
2023-03-02 19:37:21 +0000  copying file ./Payload/FreeTrade.app/Fonts/AntDesign.ttf ... 
2023-03-02 19:37:21 +0000  70344 bytes for ./Payload/FreeTrade.app/Fonts/AntDesign.ttf
2023-03-02 19:37:21 +0000  copying file ./Payload/FreeTrade.app/Fonts/Foundation.ttf ... 
2023-03-02 19:37:21 +0000  56976 bytes for ./Payload/FreeTrade.app/Fonts/Foundation.ttf
2023-03-02 19:37:21 +0000  copying file ./Payload/FreeTrade.app/Fonts/Ionicons.ttf ... 
2023-03-02 19:37:21 +0000  247192 bytes for ./Payload/FreeTrade.app/Fonts/Ionicons.ttf
2023-03-02 19:37:21 +0000  copying file ./Payload/FreeTrade.app/Fonts/FontAwesome5_Solid.ttf ... 
2023-03-02 19:37:21 +0000  202744 bytes for ./Payload/FreeTrade.app/Fonts/FontAwesome5_Solid.ttf
2023-03-02 19:37:21 +0000  copying file ./Payload/FreeTrade.app/Fonts/FontAwesome5_Regular.ttf ... 
2023-03-02 19:37:21 +0000  33736 bytes for ./Payload/FreeTrade.app/Fonts/FontAwesome5_Regular.ttf
2023-03-02 19:37:21 +0000  copying file ./Payload/FreeTrade.app/Fonts/FontAwesome.ttf ... 
2023-03-02 19:37:21 +0000  165548 bytes for ./Payload/FreeTrade.app/Fonts/FontAwesome.ttf
2023-03-02 19:37:21 +0000  copying file ./Payload/FreeTrade.app/Fonts/Zocial.ttf ... 
2023-03-02 19:37:21 +0000  25788 bytes for ./Payload/FreeTrade.app/Fonts/Zocial.ttf
2023-03-02 19:37:21 +0000  copying file ./Payload/FreeTrade.app/Fonts/EvilIcons.ttf ... 
2023-03-02 19:37:21 +0000  13456 bytes for ./Payload/FreeTrade.app/Fonts/EvilIcons.ttf
2023-03-02 19:37:21 +0000  copying file ./Payload/FreeTrade.app/Fonts/SimpleLineIcons.ttf ... 
2023-03-02 19:37:21 +0000  54056 bytes for ./Payload/FreeTrade.app/Fonts/SimpleLineIcons.ttf
2023-03-02 19:37:21 +0000  copying file ./Payload/FreeTrade.app/Fonts/MaterialIcons.ttf ... 
2023-03-02 19:37:21 +0000  230384 bytes for ./Payload/FreeTrade.app/Fonts/MaterialIcons.ttf
2023-03-02 19:37:21 +0000  copying file ./Payload/FreeTrade.app/embedded.mobileprovision ... 
2023-03-02 19:37:21 +0000  12112 bytes for ./Payload/FreeTrade.app/embedded.mobileprovision
2023-03-02 19:37:21 +0000  copying file ./Payload/FreeTrade.app/assets/node_modules/@react-navigation/elements/src/assets/back-icon@3x.png ... 
2023-03-02 19:37:21 +0000  761 bytes for ./Payload/FreeTrade.app/assets/node_modules/@react-navigation/elements/src/assets/back-icon@3x.png
copying file ./Payload/FreeTrade.app/assets/node_modules/@react-navigation/elements/src/assets/back-icon@2x.png ... 
2023-03-02 19:37:21 +0000  405 bytes for ./Payload/FreeTrade.app/assets/node_modules/@react-navigation/elements/src/assets/back-icon@2x.png
copying file ./Payload/FreeTrade.app/assets/node_modules/@react-navigation/elements/src/assets/back-icon.png ... 
2023-03-02 19:37:21 +0000  290 bytes for ./Payload/FreeTrade.app/assets/node_modules/@react-navigation/elements/src/assets/back-icon.png
copying file ./Payload/FreeTrade.app/assets/node_modules/@react-navigation/elements/src/assets/back-icon-mask.png ... 
2023-03-02 19:37:21 +0000  913 bytes for ./Payload/FreeTrade.app/assets/node_modules/@react-navigation/elements/src/assets/back-icon-mask.png
2023-03-02 19:37:21 +0000  copying file ./Payload/FreeTrade.app/assets/node_modules/react-native-dropdown-picker/src/themes/light/icons/tick.png ... 
2023-03-02 19:37:21 +0000  1214 bytes for ./Payload/FreeTrade.app/assets/node_modules/react-native-dropdown-picker/src/themes/light/icons/tick.png
copying file ./Payload/FreeTrade.app/assets/node_modules/react-native-dropdown-picker/src/themes/light/icons/arrow-down.png ... 
2023-03-02 19:37:21 +0000  522 bytes for ./Payload/FreeTrade.app/assets/node_modules/react-native-dropdown-picker/src/themes/light/icons/arrow-down.png
2023-03-02 19:37:21 +0000  copying file ./Payload/FreeTrade.app/assets/node_modules/react-native-dropdown-picker/src/themes/light/icons/arrow-up.png ... 
2023-03-02 19:37:21 +0000  807 bytes for ./Payload/FreeTrade.app/assets/node_modules/react-native-dropdown-picker/src/themes/light/icons/arrow-up.png
copying file ./Payload/FreeTrade.app/assets/node_modules/react-native-dropdown-picker/src/themes/light/icons/close.png ... 
2023-03-02 19:37:21 +0000  338 bytes for ./Payload/FreeTrade.app/assets/node_modules/react-native-dropdown-picker/src/themes/light/icons/close.png
2023-03-02 19:37:21 +0000  copying file ./Payload/FreeTrade.app/assets/node_modules/react-native-dropdown-picker/src/themes/dark/icons/tick.png ... 
2023-03-02 19:37:21 +0000  15772 bytes for ./Payload/FreeTrade.app/assets/node_modules/react-native-dropdown-picker/src/themes/dark/icons/tick.png
copying file ./Payload/FreeTrade.app/assets/node_modules/react-native-dropdown-picker/src/themes/dark/icons/arrow-down.png ... 
2023-03-02 19:37:21 +0000  15367 bytes for ./Payload/FreeTrade.app/assets/node_modules/react-native-dropdown-picker/src/themes/dark/icons/arrow-down.png
2023-03-02 19:37:21 +0000  copying file ./Payload/FreeTrade.app/assets/node_modules/react-native-dropdown-picker/src/themes/dark/icons/arrow-up.png ... 
2023-03-02 19:37:21 +0000  15500 bytes for ./Payload/FreeTrade.app/assets/node_modules/react-native-dropdown-picker/src/themes/dark/icons/arrow-up.png
copying file ./Payload/FreeTrade.app/assets/node_modules/react-native-dropdown-picker/src/themes/dark/icons/close.png ... 
2023-03-02 19:37:21 +0000  15449 bytes for ./Payload/FreeTrade.app/assets/node_modules/react-native-dropdown-picker/src/themes/dark/icons/close.png
2023-03-02 19:37:21 +0000  copying file ./Payload/FreeTrade.app/assets/assets/plus.png ... 
2023-03-02 19:37:21 +0000  1547 bytes for ./Payload/FreeTrade.app/assets/assets/plus.png
copying file ./Payload/FreeTrade.app/assets/assets/login.png ... 
2023-03-02 19:37:21 +0000  5652247 bytes for ./Payload/FreeTrade.app/assets/assets/login.png
copying file ./Payload/FreeTrade.app/assets/assets/subs.png ... 
2023-03-02 19:37:21 +0000  5368147 bytes for ./Payload/FreeTrade.app/assets/assets/subs.png
2023-03-02 19:37:21 +0000  copying file ./Payload/FreeTrade.app/assets/assets/apple.png ... 
2746 bytes for ./Payload/FreeTrade.app/assets/assets/apple.png
copying file ./Payload/FreeTrade.app/assets/assets/signup.png ... 
2023-03-02 19:37:21 +0000  5549643 bytes for ./Payload/FreeTrade.app/assets/assets/signup.png
2023-03-02 19:37:21 +0000  copying file ./Payload/FreeTrade.app/assets/assets/bt/dollar.png ... 
1939 bytes for ./Payload/FreeTrade.app/assets/assets/bt/dollar.png
copying file ./Payload/FreeTrade.app/assets/assets/bt/home.png ... 
2023-03-02 19:37:21 +0000  1804 bytes for ./Payload/FreeTrade.app/assets/assets/bt/home.png
copying file ./Payload/FreeTrade.app/assets/assets/bt/repot.png ... 
2023-03-02 19:37:21 +0000  2579 bytes for ./Payload/FreeTrade.app/assets/assets/bt/repot.png
copying file ./Payload/FreeTrade.app/assets/assets/bt/hand.png ... 
2023-03-02 19:37:21 +0000  2347 bytes for ./Payload/FreeTrade.app/assets/assets/bt/hand.png
2023-03-02 19:37:21 +0000  copying file ./Payload/FreeTrade.app/assets/assets/bt/cam.png ... 
2786 bytes for ./Payload/FreeTrade.app/assets/assets/bt/cam.png
copying file ./Payload/FreeTrade.app/assets/assets/bt/profile.png ... 
2023-03-02 19:37:21 +0000  4535 bytes for ./Payload/FreeTrade.app/assets/assets/bt/profile.png
copying file ./Payload/FreeTrade.app/assets/assets/bganim/splash.gif ... 
2023-03-02 19:37:21 +0000  95208 bytes for ./Payload/FreeTrade.app/assets/assets/bganim/splash.gif
2023-03-02 19:37:21 +0000  copying file ./Payload/FreeTrade.app/assets/assets/imgg.png ... 
2023-03-02 19:37:21 +0000  9724 bytes for ./Payload/FreeTrade.app/assets/assets/imgg.png
copying file ./Payload/FreeTrade.app/assets/assets/carimg.png ... 
2023-03-02 19:37:21 +0000  1412 bytes for ./Payload/FreeTrade.app/assets/assets/carimg.png
copying file ./Payload/FreeTrade.app/assets/assets/csq.png ... 
2023-03-02 19:37:21 +0000  951 bytes for ./Payload/FreeTrade.app/assets/assets/csq.png
2023-03-02 19:37:21 +0000  copying file ./Payload/FreeTrade.app/assets/assets/setting/info.png ... 
2023-03-02 19:37:21 +0000  4243 bytes for ./Payload/FreeTrade.app/assets/assets/setting/info.png
2023-03-02 19:37:21 +0000  copying file ./Payload/FreeTrade.app/assets/assets/setting/subscribe.png ... 
5119 bytes for ./Payload/FreeTrade.app/assets/assets/setting/subscribe.png
2023-03-02 19:37:21 +0000  copying file ./Payload/FreeTrade.app/assets/assets/setting/bussiness.png ... 
2023-03-02 19:37:21 +0000  4835 bytes for ./Payload/FreeTrade.app/assets/assets/setting/bussiness.png
copying file ./Payload/FreeTrade.app/assets/assets/setting/term.png ... 
2023-03-02 19:37:21 +0000  5151 bytes for ./Payload/FreeTrade.app/assets/assets/setting/term.png
2023-03-02 19:37:21 +0000  copying file ./Payload/FreeTrade.app/assets/assets/setting/ssl.png ... 
2023-03-02 19:37:21 +0000  8804 bytes for ./Payload/FreeTrade.app/assets/assets/setting/ssl.png
2023-03-02 19:37:21 +0000  copying file ./Payload/FreeTrade.app/assets/assets/setting/pencil.png ... 
4952 bytes for ./Payload/FreeTrade.app/assets/assets/setting/pencil.png
copying file ./Payload/FreeTrade.app/assets/assets/setting/verify.png ... 
2023-03-02 19:37:21 +0000  5846 bytes for ./Payload/FreeTrade.app/assets/assets/setting/verify.png
2023-03-02 19:37:21 +0000  copying file ./Payload/FreeTrade.app/assets/assets/google.png ... 
3016 bytes for ./Payload/FreeTrade.app/assets/assets/google.png
2023-03-02 19:37:21 +0000  copying file ./Payload/FreeTrade.app/assets/assets/facebook.png ... 
2023-03-02 19:37:21 +0000  972 bytes for ./Payload/FreeTrade.app/assets/assets/facebook.png
2023-03-02 19:37:21 +0000  copying file ./Payload/FreeTrade.app/assets/assets/chk.png ... 
2023-03-02 19:37:21 +0000  8090 bytes for ./Payload/FreeTrade.app/assets/assets/chk.png
2023-03-02 19:37:21 +0000  copying file ./Payload/FreeTrade.app/Info.plist ... 
2023-03-02 19:37:21 +0000  1538 bytes for ./Payload/FreeTrade.app/Info.plist
copying file ./Payload/FreeTrade.app/PkgInfo ... 
2023-03-02 19:37:21 +0000  8 bytes for ./Payload/FreeTrade.app/PkgInfo
copying file ./Payload/FreeTrade.app/MaterialIcons.ttf ... 
2023-03-02 19:37:21 +0000  230384 bytes for ./Payload/FreeTrade.app/MaterialIcons.ttf
2023-03-02 19:37:21 +0000  copying file ./Symbols/2649DBBE-5BDE-39AB-B98D-8DFC828A34C2.symbols ... 
2023-03-02 19:37:22 +0000  11255532 bytes for ./Symbols/2649DBBE-5BDE-39AB-B98D-8DFC828A34C2.symbols
2023-03-02 19:37:22 +0000  copying file ./Symbols/E69BB4BE-21F6-33A1-A0E0-896E32671B81.symbols ... 
2023-03-02 19:37:22 +0000  275996 bytes for ./Symbols/E69BB4BE-21F6-33A1-A0E0-896E32671B81.symbols
2023-03-02 19:37:22 +0000  /usr/bin/ditto exited with 0
2023-03-02 19:37:22 +0000  Processing step: IDEDistributionAppStoreInformationStep
2023-03-02 19:37:22 +0000  Skipping step: IDEDistributionAppStoreInformationStep because it said so
2023-03-02 19:37:22 +0000  Processing step: IDEDistributionGenerateProcessedDistributionItems
2023-03-02 19:37:22 +0000  IDEDistributionItem init <DVTFilePath:0x600038f64a10:'/var/folders/d1/nrxdd62x5q9_vnr29lhgl7z40000gn/T/XcodeDistPipeline.~~~MgYg25/Root/Payload/FreeTrade.app/Frameworks/hermes.framework'>
2023-03-02 19:37:22 +0000  IDEDistributionItem init <DVTFilePath:0x600038f66a70:'/var/folders/d1/nrxdd62x5q9_vnr29lhgl7z40000gn/T/XcodeDistPipeline.~~~MgYg25/Root/Payload/FreeTrade.app'>
2023-03-02 19:37:22 +0000  Processing step: IDEDistributionCreateManifestStep
2023-03-02 19:37:22 +0000  Skipping step: IDEDistributionCreateManifestStep because it said so
